\BOOKMARK [1][-]{section.1}{Introduction}{}% 1
\BOOKMARK [1][-]{section.2}{Material and Method}{}% 2
\BOOKMARK [2][-]{subsection.2.1}{Sequential computation method}{section.2}% 3
\BOOKMARK [3][-]{subsubsection.2.1.1}{Theoretical Model}{subsection.2.1}% 4
\BOOKMARK [3][-]{subsubsection.2.1.2}{Detailed implementation}{subsection.2.1}% 5
\BOOKMARK [2][-]{subsection.2.2}{Parallel computation method}{section.2}% 6
\BOOKMARK [3][-]{subsubsection.2.2.1}{Theoretical Model}{subsection.2.2}% 7
\BOOKMARK [3][-]{subsubsection.2.2.2}{Detailed implementation}{subsection.2.2}% 8
\BOOKMARK [2][-]{subsection.2.3}{Compile and test both codes}{section.2}% 9
\BOOKMARK [1][-]{section.3}{Result Analysis:}{}% 10
\BOOKMARK [2][-]{subsection.3.1}{Theoretical analysis}{section.3}% 11
\BOOKMARK [3][-]{subsubsection.3.1.1}{Time complexity}{subsection.3.1}% 12
\BOOKMARK [3][-]{subsubsection.3.1.2}{Speedup}{subsection.3.1}% 13
\BOOKMARK [3][-]{subsubsection.3.1.3}{Efficiency}{subsection.3.1}% 14
\BOOKMARK [2][-]{subsection.3.2}{Result analysis}{section.3}% 15
\BOOKMARK [3][-]{subsubsection.3.2.1}{Execution time}{subsection.3.2}% 16
\BOOKMARK [3][-]{subsubsection.3.2.2}{Speedup}{subsection.3.2}% 17
\BOOKMARK [3][-]{subsubsection.3.2.3}{Efficiency}{subsection.3.2}% 18
\BOOKMARK [1][-]{section.4}{Conclusion}{}% 19
\BOOKMARK [1][-]{section.5}{Appendix}{}% 20
